2024-07-21 19:52:57,075 INFO [main] o.s.b.t.c.SpringBootTestContextBootstrapper [AbstractTestContextBootstrapper.java:305] Neither @ContextConfiguration nor @ContextHierarchy found for test class [com.example.demo.SpringBootWithSpringSecurityJwtApplicationTests], using SpringBootContextLoader
2024-07-21 19:52:57,083 INFO [main] o.s.t.c.s.AbstractContextLoader [AbstractContextLoader.java:264] Could not detect default resource locations for test class [com.example.demo.SpringBootWithSpringSecurityJwtApplicationTests]: no resource found for suffixes {-context.xml, Context.groovy}.
2024-07-21 19:52:57,084 INFO [main] o.s.t.c.s.AnnotationConfigContextLoaderUtils [AnnotationConfigContextLoaderUtils.java:83] Could not detect default configuration classes for test class [com.example.demo.SpringBootWithSpringSecurityJwtApplicationTests]: SpringBootWithSpringSecurityJwtApplicationTests does not declare any static, non-private, non-final, nested classes annotated with @Configuration.
2024-07-21 19:52:57,174 INFO [main] o.s.b.t.c.SpringBootTestContextBootstrapper [SpringBootTestContextBootstrapper.java:238] Found @SpringBootConfiguration com.example.demo.SpringBootWithSpringSecurityJwtApplication for test class com.example.demo.SpringBootWithSpringSecurityJwtApplicationTests
2024-07-21 19:52:57,256 INFO [main] o.s.b.t.c.SpringBootTestContextBootstrapper [AbstractTestContextBootstrapper.java:245] Loaded default TestExecutionListener class names from location [META-INF/spring.factories]: [org.springframework.boot.test.mock.mockito.MockitoTestExecutionListener, org.springframework.boot.test.mock.mockito.ResetMocksTestExecutionListener, org.springframework.boot.test.autoconfigure.restdocs.RestDocsTestExecutionListener, org.springframework.boot.test.autoconfigure.web.client.MockRestServiceServerResetTestExecutionListener, org.springframework.boot.test.autoconfigure.web.servlet.MockMvcPrintOnlyOnFailureTestExecutionListener, org.springframework.boot.test.autoconfigure.web.servlet.WebDriverTestExecutionListener, org.springframework.boot.test.autoconfigure.webservices.client.MockWebServiceServerTestExecutionListener, org.springframework.test.context.web.ServletTestExecutionListener, org.springframework.test.context.support.DirtiesContextBeforeModesTestExecutionListener, org.springframework.test.context.event.ApplicationEventsTestExecutionListener, org.springframework.test.context.support.DependencyInjectionTestExecutionListener, org.springframework.test.context.support.DirtiesContextTestExecutionListener, org.springframework.test.context.transaction.TransactionalTestExecutionListener, org.springframework.test.context.jdbc.SqlScriptsTestExecutionListener, org.springframework.test.context.event.EventPublishingTestExecutionListener, org.springframework.security.test.context.support.WithSecurityContextTestExecutionListener, org.springframework.security.test.context.support.ReactorContextTestExecutionListener]
2024-07-21 19:52:57,268 INFO [main] o.s.b.t.c.SpringBootTestContextBootstrapper [AbstractTestContextBootstrapper.java:174] Using TestExecutionListeners: [org.springframework.test.context.web.ServletTestExecutionListener@7a7471ce, org.springframework.test.context.support.DirtiesContextBeforeModesTestExecutionListener@28276e50, org.springframework.test.context.event.ApplicationEventsTestExecutionListener@62e70ea3, org.springframework.boot.test.mock.mockito.MockitoTestExecutionListener@3efe7086, org.springframework.boot.test.autoconfigure.SpringBootDependencyInjectionTestExecutionListener@675d8c96, org.springframework.test.context.support.DirtiesContextTestExecutionListener@741b3bc3, org.springframework.test.context.event.EventPublishingTestExecutionListener@2ed3b1f5, org.springframework.security.test.context.support.WithSecurityContextTestExecutionListener@63648ee9, org.springframework.security.test.context.support.ReactorContextTestExecutionListener@68d6972f, org.springframework.boot.test.mock.mockito.ResetMocksTestExecutionListener@45be7cd5, org.springframework.boot.test.autoconfigure.restdocs.RestDocsTestExecutionListener@7651218e, org.springframework.boot.test.autoconfigure.web.client.MockRestServiceServerResetTestExecutionListener@3185fa6b, org.springframework.boot.test.autoconfigure.web.servlet.MockMvcPrintOnlyOnFailureTestExecutionListener@6d366c9b, org.springframework.boot.test.autoconfigure.web.servlet.WebDriverTestExecutionListener@5b58ed3c, org.springframework.boot.test.autoconfigure.webservices.client.MockWebServiceServerTestExecutionListener@24faea88]
2024-07-21 19:52:57,551 INFO [main] c.e.d.SpringBootWithSpringSecurityJwtApplicationTests [StartupInfoLogger.java:55] Starting SpringBootWithSpringSecurityJwtApplicationTests using Java 17.0.5 on LAPTOP-QE7LRACH with PID 25112 (started by HP in H:\work\practice\spring_demo\SpringBootWithSpringSecurityJWT)
2024-07-21 19:52:57,555 INFO [main] c.e.d.SpringBootWithSpringSecurityJwtApplicationTests [SpringApplication.java:663] No active profile set, falling back to default profiles: default
2024-07-21 19:52:57,737 WARN [background-preinit] o.s.h.c.j.Jackson2ObjectMapperBuilder [CompositeLog.java:127] For Jackson Kotlin classes support please add "com.fasterxml.jackson.module:jackson-module-kotlin" to the classpath
2024-07-21 19:52:58,737 INFO [main] o.s.c.s.PostProcessorRegistrationDelegate$BeanPostProcessorChecker [PostProcessorRegistrationDelegate.java:376] Bean 'org.springframework.security.access.expression.method.DefaultMethodSecurityExpressionHandler@1961d75a' of type [org.springframework.security.access.expression.method.DefaultMethodSecurityExpressionHandler] is not eligible for getting processed by all BeanPostProcessors (for example: not eligible for auto-proxying)
2024-07-21 19:52:58,750 INFO [main] o.s.c.s.PostProcessorRegistrationDelegate$BeanPostProcessorChecker [PostProcessorRegistrationDelegate.java:376] Bean 'methodSecurityMetadataSource' of type [org.springframework.security.access.method.DelegatingMethodSecurityMetadataSource] is not eligible for getting processed by all BeanPostProcessors (for example: not eligible for auto-proxying)
2024-07-21 19:52:59,785 INFO [main] o.s.b.a.e.w.EndpointLinksResolver [EndpointLinksResolver.java:58] Exposing 1 endpoint(s) beneath base path '/actuator'
2024-07-21 19:53:00,060 INFO [main] o.s.s.w.DefaultSecurityFilterChain [DefaultSecurityFilterChain.java:51] Will secure Ant [pattern='/v2/api-docs'] with []
2024-07-21 19:53:00,061 INFO [main] o.s.s.w.DefaultSecurityFilterChain [DefaultSecurityFilterChain.java:51] Will secure Ant [pattern='/configuration/ui'] with []
2024-07-21 19:53:00,061 INFO [main] o.s.s.w.DefaultSecurityFilterChain [DefaultSecurityFilterChain.java:51] Will secure Ant [pattern='/swagger-resources/**'] with []
2024-07-21 19:53:00,062 INFO [main] o.s.s.w.DefaultSecurityFilterChain [DefaultSecurityFilterChain.java:51] Will secure Ant [pattern='/configuration/security'] with []
2024-07-21 19:53:00,062 INFO [main] o.s.s.w.DefaultSecurityFilterChain [DefaultSecurityFilterChain.java:51] Will secure Ant [pattern='/swagger-ui.html'] with []
2024-07-21 19:53:00,063 INFO [main] o.s.s.w.DefaultSecurityFilterChain [DefaultSecurityFilterChain.java:51] Will secure Ant [pattern='/webjars/**'] with []
2024-07-21 19:53:00,362 INFO [main] o.s.s.w.DefaultSecurityFilterChain [DefaultSecurityFilterChain.java:51] Will secure any request with [org.springframework.security.web.context.request.async.WebAsyncManagerIntegrationFilter@18483b8b, org.springframework.security.web.context.SecurityContextPersistenceFilter@74764622, org.springframework.security.web.header.HeaderWriterFilter@708769b7, org.springframework.web.filter.CorsFilter@24fc2c80, org.springframework.security.web.authentication.logout.LogoutFilter@4bbc21bd, com.example.demo.config.JwtRequestFilter@965bcbc, org.springframework.security.web.savedrequest.RequestCacheAwareFilter@525b8922, org.springframework.security.web.servletapi.SecurityContextHolderAwareRequestFilter@74fc3fc7, org.springframework.security.web.authentication.AnonymousAuthenticationFilter@7ab1ad9, org.springframework.security.web.session.SessionManagementFilter@5d2e6f62, org.springframework.security.web.access.ExceptionTranslationFilter@1e477944, org.springframework.security.web.access.intercept.FilterSecurityInterceptor@87aec6a]
2024-07-21 19:53:00,836 INFO [main] s.d.s.w.p.DocumentationPluginsBootstrapper [DocumentationPluginsBootstrapper.java:120] Context refreshed
2024-07-21 19:53:00,857 INFO [main] s.d.s.w.p.DocumentationPluginsBootstrapper [DocumentationPluginsBootstrapper.java:123] Found 1 custom documentation plugin(s)
2024-07-21 19:53:00,870 INFO [main] s.d.s.w.s.ApiListingReferenceScanner [ApiListingReferenceScanner.java:44] Scanning for api listing references
2024-07-21 19:53:01,032 INFO [main] c.e.d.SpringBootWithSpringSecurityJwtApplicationTests [StartupInfoLogger.java:61] Started SpringBootWithSpringSecurityJwtApplicationTests in 3.719 seconds (JVM running for 4.602)
2024-07-21 19:53:01,084 INFO [main] o.s.b.a.ApplicationAvailabilityBean [ApplicationAvailabilityBean.java:75] Application availability state LivenessState changed to CORRECT
2024-07-21 19:53:01,087 INFO [main] o.s.b.a.ApplicationAvailabilityBean [ApplicationAvailabilityBean.java:75] Application availability state ReadinessState changed to ACCEPTING_TRAFFIC
2024-07-21 19:53:21,277 INFO [main] c.e.d.SpringBootWithSpringSecurityJwtApplication [StartupInfoLogger.java:55] Starting SpringBootWithSpringSecurityJwtApplication using Java 17.0.5 on LAPTOP-QE7LRACH with PID 24832 (H:\work\practice\spring_demo\SpringBootWithSpringSecurityJWT\target\classes started by HP in H:\work\practice\spring_demo\SpringBootWithSpringSecurityJWT)
2024-07-21 19:53:21,283 INFO [main] c.e.d.SpringBootWithSpringSecurityJwtApplication [SpringApplication.java:663] No active profile set, falling back to default profiles: default
2024-07-21 19:53:21,424 WARN [background-preinit] o.s.h.c.j.Jackson2ObjectMapperBuilder [CompositeLog.java:127] For Jackson Kotlin classes support please add "com.fasterxml.jackson.module:jackson-module-kotlin" to the classpath
2024-07-21 19:53:22,129 INFO [main] o.s.c.s.PostProcessorRegistrationDelegate$BeanPostProcessorChecker [PostProcessorRegistrationDelegate.java:376] Bean 'org.springframework.security.access.expression.method.DefaultMethodSecurityExpressionHandler@2f20f7ad' of type [org.springframework.security.access.expression.method.DefaultMethodSecurityExpressionHandler] is not eligible for getting processed by all BeanPostProcessors (for example: not eligible for auto-proxying)
2024-07-21 19:53:22,133 INFO [main] o.s.c.s.PostProcessorRegistrationDelegate$BeanPostProcessorChecker [PostProcessorRegistrationDelegate.java:376] Bean 'methodSecurityMetadataSource' of type [org.springframework.security.access.method.DelegatingMethodSecurityMetadataSource] is not eligible for getting processed by all BeanPostProcessors (for example: not eligible for auto-proxying)
2024-07-21 19:53:22,316 INFO [main] o.s.b.w.e.t.TomcatWebServer [TomcatWebServer.java:108] Tomcat initialized with port(s): 8080 (http)
2024-07-21 19:53:22,323 INFO [main] o.a.c.h.Http11NioProtocol [DirectJDKLog.java:173] Initializing ProtocolHandler ["http-nio-8080"]
2024-07-21 19:53:22,324 INFO [main] o.a.c.c.StandardService [DirectJDKLog.java:173] Starting service [Tomcat]
2024-07-21 19:53:22,325 INFO [main] o.a.c.c.StandardEngine [DirectJDKLog.java:173] Starting Servlet engine: [Apache Tomcat/9.0.46]
2024-07-21 19:53:22,385 INFO [main] o.a.c.c.C.[.[.[/] [DirectJDKLog.java:173] Initializing Spring embedded WebApplicationContext
2024-07-21 19:53:22,385 INFO [main] o.s.b.w.s.c.ServletWebServerApplicationContext [ServletWebServerApplicationContext.java:290] Root WebApplicationContext: initialization completed in 1051 ms
2024-07-21 19:53:22,820 INFO [main] o.s.b.a.e.w.EndpointLinksResolver [EndpointLinksResolver.java:58] Exposing 1 endpoint(s) beneath base path '/actuator'
2024-07-21 19:53:22,943 INFO [main] o.s.s.w.DefaultSecurityFilterChain [DefaultSecurityFilterChain.java:51] Will secure Ant [pattern='/v2/api-docs'] with []
2024-07-21 19:53:22,944 INFO [main] o.s.s.w.DefaultSecurityFilterChain [DefaultSecurityFilterChain.java:51] Will secure Ant [pattern='/configuration/ui'] with []
2024-07-21 19:53:22,944 INFO [main] o.s.s.w.DefaultSecurityFilterChain [DefaultSecurityFilterChain.java:51] Will secure Ant [pattern='/swagger-resources/**'] with []
2024-07-21 19:53:22,944 INFO [main] o.s.s.w.DefaultSecurityFilterChain [DefaultSecurityFilterChain.java:51] Will secure Ant [pattern='/configuration/security'] with []
2024-07-21 19:53:22,945 INFO [main] o.s.s.w.DefaultSecurityFilterChain [DefaultSecurityFilterChain.java:51] Will secure Ant [pattern='/swagger-ui.html'] with []
2024-07-21 19:53:22,946 INFO [main] o.s.s.w.DefaultSecurityFilterChain [DefaultSecurityFilterChain.java:51] Will secure Ant [pattern='/webjars/**'] with []
2024-07-21 19:53:23,019 INFO [main] o.s.s.w.DefaultSecurityFilterChain [DefaultSecurityFilterChain.java:51] Will secure any request with [org.springframework.security.web.context.request.async.WebAsyncManagerIntegrationFilter@40a28bda, org.springframework.security.web.context.SecurityContextPersistenceFilter@3a70575, org.springframework.security.web.header.HeaderWriterFilter@12670e55, org.springframework.web.filter.CorsFilter@592cb470, org.springframework.security.web.authentication.logout.LogoutFilter@280d5a82, com.example.demo.config.JwtRequestFilter@105db94d, org.springframework.security.web.savedrequest.RequestCacheAwareFilter@7283877, org.springframework.security.web.servletapi.SecurityContextHolderAwareRequestFilter@11180750, org.springframework.security.web.authentication.AnonymousAuthenticationFilter@1e6cb932, org.springframework.security.web.session.SessionManagementFilter@22ff1372, org.springframework.security.web.access.ExceptionTranslationFilter@604f376a, org.springframework.security.web.access.intercept.FilterSecurityInterceptor@793d09e]
2024-07-21 19:53:23,184 INFO [main] o.a.c.h.Http11NioProtocol [DirectJDKLog.java:173] Starting ProtocolHandler ["http-nio-8080"]
2024-07-21 19:53:23,230 INFO [main] o.s.b.w.e.t.TomcatWebServer [TomcatWebServer.java:220] Tomcat started on port(s): 8080 (http) with context path ''
2024-07-21 19:53:23,231 INFO [main] s.d.s.w.p.DocumentationPluginsBootstrapper [DocumentationPluginsBootstrapper.java:120] Context refreshed
2024-07-21 19:53:23,244 INFO [main] s.d.s.w.p.DocumentationPluginsBootstrapper [DocumentationPluginsBootstrapper.java:123] Found 1 custom documentation plugin(s)
2024-07-21 19:53:23,251 INFO [main] s.d.s.w.s.ApiListingReferenceScanner [ApiListingReferenceScanner.java:44] Scanning for api listing references
2024-07-21 19:53:23,331 INFO [main] c.e.d.SpringBootWithSpringSecurityJwtApplication [StartupInfoLogger.java:61] Started SpringBootWithSpringSecurityJwtApplication in 2.316 seconds (JVM running for 3.063)
2024-07-21 19:53:23,337 INFO [main] o.s.b.a.ApplicationAvailabilityBean [ApplicationAvailabilityBean.java:75] Application availability state LivenessState changed to CORRECT
2024-07-21 19:53:23,341 INFO [main] o.s.b.a.ApplicationAvailabilityBean [ApplicationAvailabilityBean.java:75] Application availability state ReadinessState changed to ACCEPTING_TRAFFIC
2024-07-21 19:53:24,063 INFO [RMI TCP Connection(3)-127.0.0.1] o.a.c.c.C.[.[.[/] [DirectJDKLog.java:173] Initializing Spring DispatcherServlet 'dispatcherServlet'
2024-07-21 19:53:24,063 INFO [RMI TCP Connection(3)-127.0.0.1] o.s.w.s.DispatcherServlet [FrameworkServlet.java:525] Initializing Servlet 'dispatcherServlet'
2024-07-21 19:53:24,064 INFO [RMI TCP Connection(3)-127.0.0.1] o.s.w.s.DispatcherServlet [FrameworkServlet.java:547] Completed initialization in 0 ms
2024-07-21 19:57:33,957 WARN [http-nio-8080-exec-3] c.e.d.c.JwtRequestFilter [JwtRequestFilter.java:56] JWT Token does not begin with Bearer String
2024-07-21 19:57:34,019 INFO [http-nio-8080-exec-3] c.e.d.c.HelloRestContoller [JwtAuthenticationController.java:45] Enter JwtAuthenticationController createAuthToken
2024-07-21 19:57:34,020 INFO [http-nio-8080-exec-3] c.e.d.c.HelloRestContoller [JwtAuthenticationController.java:55] Enter JwtAuthenticationController authenticate
2024-07-21 19:57:34,232 INFO [http-nio-8080-exec-3] c.e.d.c.HelloRestContoller [JwtAuthenticationController.java:65] Enter JwtAuthenticationController authenticate
2024-07-21 19:57:34,233 INFO [http-nio-8080-exec-3] c.e.d.c.HelloRestContoller [JWTTokenUtil.java:78] Enter JWTTokenUtil doGenerateToken
2024-07-21 19:57:34,233 INFO [http-nio-8080-exec-3] c.e.d.c.HelloRestContoller [JWTTokenUtil.java:80] Exit JWTTokenUtil doGenerateToken
2024-07-21 19:57:34,333 INFO [http-nio-8080-exec-3] c.e.d.c.HelloRestContoller [JwtAuthenticationController.java:50] Exit JwtAuthenticationController createAuthToken
